<?xml version="1.0" encoding="UTF-8"?>
<!-- Generated by org.testng.reporters.JUnitReportReporter -->
<testsuite hostname="user123-PC" name="metadata.heightwidth" tests="1" failures="0" timestamp="18 Feb 2017 10:21:49 GMT" time="13.262" errors="0">
  <testcase name="heightwid" time="13.262" classname="metadata.heightwidth"/>
</testsuite> <!-- metadata.heightwidth -->
