<?xml version="1.0" encoding="UTF-8"?>
<!-- Generated by org.testng.reporters.JUnitReportReporter -->
<testsuite hostname="user123-PC" name="metadata.cookies" tests="1" failures="0" timestamp="18 Feb 2017 10:31:26 GMT" time="12.417" errors="0">
  <testcase name="cookie" time="12.417" classname="metadata.cookies"/>
</testsuite> <!-- metadata.cookies -->
