<?xml version="1.0" encoding="UTF-8"?>
<!-- Generated by org.testng.reporters.JUnitReportReporter -->
<testsuite hostname="user123-PC" name="metadata.dragAndDrop" tests="1" failures="0" timestamp="18 Feb 2017 15:06:15 GMT" time="16.108" errors="0">
  <testcase name="dragdrop" time="16.108" classname="metadata.dragAndDrop"/>
</testsuite> <!-- metadata.dragAndDrop -->
