<?xml version="1.0" encoding="UTF-8"?>
<!-- Generated by org.testng.reporters.JUnitReportReporter -->
<testsuite hostname="user123-PC" name="metadata.links" tests="1" failures="0" timestamp="17 Feb 2017 19:52:32 GMT" time="19.102" errors="0">
  <testcase name="man" time="19.102" classname="metadata.links"/>
</testsuite> <!-- metadata.links -->
